[handleMsg]:  Message {
  _data: {
    id: {
      fromMe: [33mfalse[39m,
      remote: [32m'573122146368@c.us'[39m,
      id: [32m'02641F504C0B5B9B78F28995E4B73E11'[39m,
      _serialized: [32m'false_573122146368@c.us_02641F504C0B5B9B78F28995E4B73E11'[39m
    },
    viewed: [33mfalse[39m,
    body: [32m'H'[39m,
    type: [32m'chat'[39m,
    t: [33m1743482335[39m,
    notifyName: [32m'feliperenjifoz'[39m,
    from: [32m'573122146368@c.us'[39m,
    to: [32m'573142905475@c.us'[39m,
    ack: [33m1[39m,
    invis: [33mfalse[39m,
    isNewMsg: [33mtrue[39m,
    star: [33mfalse[39m,
    kicNotified: [33mfalse[39m,
    recvFresh: [33mtrue[39m,
    isFromTemplate: [33mfalse[39m,
    pollInvalidated: [33mfalse[39m,
    isSentCagPollCreation: [33mfalse[39m,
    latestEditMsgKey: [1mnull[22m,
    latestEditSenderTimestampMs: [1mnull[22m,
    mentionedJidList: [],
    groupMentions: [],
    isEventCanceled: [33mfalse[39m,
    eventInvalidated: [33mfalse[39m,
    isVcardOverMmsDocument: [33mfalse[39m,
    isForwarded: [33mfalse[39m,
    labels: [],
    hasReaction: [33mfalse[39m,
    viewMode: [32m'VISIBLE'[39m,
    messageSecret: {
      [32m'0'[39m: [33m148[39m,
      [32m'1'[39m: [33m113[39m,
      [32m'2'[39m: [33m94[39m,
      [32m'3'[39m: [33m44[39m,
      [32m'4'[39m: [33m144[39m,
      [32m'5'[39m: [33m235[39m,
      [32m'6'[39m: [33m212[39m,
      [32m'7'[39m: [33m40[39m,
      [32m'8'[39m: [33m163[39m,
      [32m'9'[39m: [33m72[39m,
      [32m'10'[39m: [33m1[39m,
      [32m'11'[39m: [33m57[39m,
      [32m'12'[39m: [33m81[39m,
      [32m'13'[39m: [33m176[39m,
      [32m'14'[39m: [33m137[39m,
      [32m'15'[39m: [33m97[39m,
      [32m'16'[39m: [33m237[39m,
      [32m'17'[39m: [33m35[39m,
      [32m'18'[39m: [33m234[39m,
      [32m'19'[39m: [33m51[39m,
      [32m'20'[39m: [33m13[39m,
      [32m'21'[39m: [33m212[39m,
      [32m'22'[39m: [33m68[39m,
      [32m'23'[39m: [33m114[39m,
      [32m'24'[39m: [33m72[39m,
      [32m'25'[39m: [33m232[39m,
      [32m'26'[39m: [33m225[39m,
      [32m'27'[39m: [33m188[39m,
      [32m'28'[39m: [33m155[39m,
      [32m'29'[39m: [33m230[39m,
      [32m'30'[39m: [33m190[39m,
      [32m'31'[39m: [33m77[39m
    },
    productHeaderImageRejected: [33mfalse[39m,
    lastPlaybackProgress: [33m0[39m,
    isDynamicReplyButtonsMsg: [33mfalse[39m,
    isCarouselCard: [33mfalse[39m,
    parentMsgId: [1mnull[22m,
    callSilenceReason: [1mnull[22m,
    isVideoCall: [33mfalse[39m,
    callDuration: [1mnull[22m,
    callParticipants: [1mnull[22m,
    isMdHistoryMsg: [33mfalse[39m,
    stickerSentTs: [33m0[39m,
    isAvatar: [33mfalse[39m,
    lastUpdateFromServerTs: [33m0[39m,
    invokedBotWid: [1mnull[22m,
    bizBotType: [1mnull[22m,
    botResponseTargetId: [1mnull[22m,
    botPluginType: [1mnull[22m,
    botPluginReferenceIndex: [1mnull[22m,
    botPluginSearchProvider: [1mnull[22m,
    botPluginSearchUrl: [1mnull[22m,
    botPluginSearchQuery: [1mnull[22m,
    botPluginMaybeParent: [33mfalse[39m,
    botReelPluginThumbnailCdnUrl: [1mnull[22m,
    botMsgBodyType: [1mnull[22m,
    requiresDirectConnection: [1mnull[22m,
    bizContentPlaceholderType: [1mnull[22m,
    hostedBizEncStateMismatch: [33mfalse[39m,
    senderOrRecipientAccountTypeHosted: [33mfalse[39m,
    placeholderCreatedWhenAccountIsHosted: [33mfalse[39m,
    links: []
  },
  mediaKey: [90mundefined[39m,
  id: {
    fromMe: [33mfalse[39m,
    remote: [32m'573122146368@c.us'[39m,
    id: [32m'02641F504C0B5B9B78F28995E4B73E11'[39m,
    _serialized: [32m'false_573122146368@c.us_02641F504C0B5B9B78F28995E4B73E11'[39m
  },
  ack: [33m1[39m,
  hasMedia: [33mfalse[39m,
  body: [32m'H'[39m,
  type: [32m'chat'[39m,
  timestamp: [33m1743482335[39m,
  from: [32m'573122146368'[39m,
  to: [32m'573142905475@c.us'[39m,
  author: [90mundefined[39m,
  deviceType: [32m'android'[39m,
  isForwarded: [33mfalse[39m,
  forwardingScore: [33m0[39m,
  isStatus: [33mfalse[39m,
  isStarred: [33mfalse[39m,
  broadcast: [90mundefined[39m,
  fromMe: [33mfalse[39m,
  hasQuotedMsg: [33mfalse[39m,
  hasReaction: [33mfalse[39m,
  duration: [90mundefined[39m,
  location: [90mundefined[39m,
  vCards: [],
  inviteV4: [90mundefined[39m,
  mentionedIds: [],
  groupMentions: [],
  orderId: [90mundefined[39m,
  token: [90mundefined[39m,
  isGif: [33mfalse[39m,
  isEphemeral: [90mundefined[39m,
  links: []
}
[QUEUE_SE_ENVIO]:  {
  ref: [32m'ans_0d087381-cc9f-46c3-9786-817f37cba443'[39m,
  keyword: [32m'key_341ba172-cd47-4dd6-a50e-23c84f2ca25d'[39m,
  answer: [32m'__call_action__'[39m,
  options: {
    media: [1mnull[22m,
    buttons: [],
    capture: [33mfalse[39m,
    child: [1mnull[22m,
    delay: [33m0[39m,
    idle: [1mnull[22m,
    ref: [1mnull[22m,
    nested: [],
    keyword: {},
    callback: [33mtrue[39m
  },
  refSerialize: [32m'93bcef2e4658ab034e6c9d4e4f607e55'[39m
}
[handleMsg]:  Message {
  _data: {
    id: {
      fromMe: [33mfalse[39m,
      remote: [32m'573122146368@c.us'[39m,
      id: [32m'2B5CF0640E87A72E1E6291F93D375F35'[39m,
      _serialized: [32m'false_573122146368@c.us_2B5CF0640E87A72E1E6291F93D375F35'[39m
    },
    viewed: [33mfalse[39m,
    body: [32m'6'[39m,
    type: [32m'chat'[39m,
    t: [33m1743482338[39m,
    notifyName: [32m'feliperenjifoz'[39m,
    from: [32m'573122146368@c.us'[39m,
    to: [32m'573142905475@c.us'[39m,
    ack: [33m1[39m,
    invis: [33mfalse[39m,
    isNewMsg: [33mtrue[39m,
    star: [33mfalse[39m,
    kicNotified: [33mfalse[39m,
    recvFresh: [33mtrue[39m,
    isFromTemplate: [33mfalse[39m,
    pollInvalidated: [33mfalse[39m,
    isSentCagPollCreation: [33mfalse[39m,
    latestEditMsgKey: [1mnull[22m,
    latestEditSenderTimestampMs: [1mnull[22m,
    mentionedJidList: [],
    groupMentions: [],
    isEventCanceled: [33mfalse[39m,
    eventInvalidated: [33mfalse[39m,
    isVcardOverMmsDocument: [33mfalse[39m,
    isForwarded: [33mfalse[39m,
    labels: [],
    hasReaction: [33mfalse[39m,
    viewMode: [32m'VISIBLE'[39m,
    messageSecret: {
      [32m'0'[39m: [33m154[39m,
      [32m'1'[39m: [33m11[39m,
      [32m'2'[39m: [33m189[39m,
      [32m'3'[39m: [33m211[39m,
      [32m'4'[39m: [33m86[39m,
      [32m'5'[39m: [33m182[39m,
      [32m'6'[39m: [33m233[39m,
      [32m'7'[39m: [33m49[39m,
      [32m'8'[39m: [33m162[39m,
      [32m'9'[39m: [33m141[39m,
      [32m'10'[39m: [33m153[39m,
      [32m'11'[39m: [33m23[39m,
      [32m'12'[39m: [33m108[39m,
      [32m'13'[39m: [33m104[39m,
      [32m'14'[39m: [33m140[39m,
      [32m'15'[39m: [33m239[39m,
      [32m'16'[39m: [33m163[39m,
      [32m'17'[39m: [33m105[39m,
      [32m'18'[39m: [33m55[39m,
      [32m'19'[39m: [33m16[39m,
      [32m'20'[39m: [33m60[39m,
      [32m'21'[39m: [33m168[39m,
      [32m'22'[39m: [33m135[39m,
      [32m'23'[39m: [33m124[39m,
      [32m'24'[39m: [33m18[39m,
      [32m'25'[39m: [33m173[39m,
      [32m'26'[39m: [33m218[39m,
      [32m'27'[39m: [33m235[39m,
      [32m'28'[39m: [33m226[39m,
      [32m'29'[39m: [33m102[39m,
      [32m'30'[39m: [33m131[39m,
      [32m'31'[39m: [33m120[39m
    },
    productHeaderImageRejected: [33mfalse[39m,
    lastPlaybackProgress: [33m0[39m,
    isDynamicReplyButtonsMsg: [33mfalse[39m,
    isCarouselCard: [33mfalse[39m,
    parentMsgId: [1mnull[22m,
    callSilenceReason: [1mnull[22m,
    isVideoCall: [33mfalse[39m,
    callDuration: [1mnull[22m,
    callParticipants: [1mnull[22m,
    isMdHistoryMsg: [33mfalse[39m,
    stickerSentTs: [33m0[39m,
    isAvatar: [33mfalse[39m,
    lastUpdateFromServerTs: [33m0[39m,
    invokedBotWid: [1mnull[22m,
    bizBotType: [1mnull[22m,
    botResponseTargetId: [1mnull[22m,
    botPluginType: [1mnull[22m,
    botPluginReferenceIndex: [1mnull[22m,
    botPluginSearchProvider: [1mnull[22m,
    botPluginSearchUrl: [1mnull[22m,
    botPluginSearchQuery: [1mnull[22m,
    botPluginMaybeParent: [33mfalse[39m,
    botReelPluginThumbnailCdnUrl: [1mnull[22m,
    botMsgBodyType: [1mnull[22m,
    requiresDirectConnection: [1mnull[22m,
    bizContentPlaceholderType: [1mnull[22m,
    hostedBizEncStateMismatch: [33mfalse[39m,
    senderOrRecipientAccountTypeHosted: [33mfalse[39m,
    placeholderCreatedWhenAccountIsHosted: [33mfalse[39m,
    links: []
  },
  mediaKey: [90mundefined[39m,
  id: {
    fromMe: [33mfalse[39m,
    remote: [32m'573122146368@c.us'[39m,
    id: [32m'2B5CF0640E87A72E1E6291F93D375F35'[39m,
    _serialized: [32m'false_573122146368@c.us_2B5CF0640E87A72E1E6291F93D375F35'[39m
  },
  ack: [33m1[39m,
  hasMedia: [33mfalse[39m,
  body: [32m'6'[39m,
  type: [32m'chat'[39m,
  timestamp: [33m1743482338[39m,
  from: [32m'573122146368'[39m,
  to: [32m'573142905475@c.us'[39m,
  author: [90mundefined[39m,
  deviceType: [32m'android'[39m,
  isForwarded: [33mfalse[39m,
  forwardingScore: [33m0[39m,
  isStatus: [33mfalse[39m,
  isStarred: [33mfalse[39m,
  broadcast: [90mundefined[39m,
  fromMe: [33mfalse[39m,
  hasQuotedMsg: [33mfalse[39m,
  hasReaction: [33mfalse[39m,
  duration: [90mundefined[39m,
  location: [90mundefined[39m,
  vCards: [],
  inviteV4: [90mundefined[39m,
  mentionedIds: [],
  groupMentions: [],
  orderId: [90mundefined[39m,
  token: [90mundefined[39m,
  isGif: [33mfalse[39m,
  isEphemeral: [90mundefined[39m,
  links: []
}
[handleMsg]:  Message {
  _data: {
    id: {
      fromMe: [33mfalse[39m,
      remote: [32m'573122146368@c.us'[39m,
      id: [32m'B5942583EA6EB676945E62352CCEB57F'[39m,
      _serialized: [32m'false_573122146368@c.us_B5942583EA6EB676945E62352CCEB57F'[39m
    },
    viewed: [33mfalse[39m,
    body: [32m'1'[39m,
    type: [32m'chat'[39m,
    t: [33m1743482340[39m,
    notifyName: [32m'feliperenjifoz'[39m,
    from: [32m'573122146368@c.us'[39m,
    to: [32m'573142905475@c.us'[39m,
    ack: [33m1[39m,
    invis: [33mfalse[39m,
    isNewMsg: [33mtrue[39m,
    star: [33mfalse[39m,
    kicNotified: [33mfalse[39m,
    recvFresh: [33mtrue[39m,
    isFromTemplate: [33mfalse[39m,
    pollInvalidated: [33mfalse[39m,
    isSentCagPollCreation: [33mfalse[39m,
    latestEditMsgKey: [1mnull[22m,
    latestEditSenderTimestampMs: [1mnull[22m,
    mentionedJidList: [],
    groupMentions: [],
    isEventCanceled: [33mfalse[39m,
    eventInvalidated: [33mfalse[39m,
    isVcardOverMmsDocument: [33mfalse[39m,
    isForwarded: [33mfalse[39m,
    labels: [],
    hasReaction: [33mfalse[39m,
    viewMode: [32m'VISIBLE'[39m,
    messageSecret: {
      [32m'0'[39m: [33m200[39m,
      [32m'1'[39m: [33m61[39m,
      [32m'2'[39m: [33m149[39m,
      [32m'3'[39m: [33m132[39m,
      [32m'4'[39m: [33m244[39m,
      [32m'5'[39m: [33m54[39m,
      [32m'6'[39m: [33m163[39m,
      [32m'7'[39m: [33m150[39m,
      [32m'8'[39m: [33m226[39m,
      [32m'9'[39m: [33m34[39m,
      [32m'10'[39m: [33m104[39m,
      [32m'11'[39m: [33m244[39m,
      [32m'12'[39m: [33m102[39m,
      [32m'13'[39m: [33m231[39m,
      [32m'14'[39m: [33m40[39m,
      [32m'15'[39m: [33m87[39m,
      [32m'16'[39m: [33m35[39m,
      [32m'17'[39m: [33m210[39m,
      [32m'18'[39m: [33m90[39m,
      [32m'19'[39m: [33m212[39m,
      [32m'20'[39m: [33m245[39m,
      [32m'21'[39m: [33m122[39m,
      [32m'22'[39m: [33m135[39m,
      [32m'23'[39m: [33m157[39m,
      [32m'24'[39m: [33m89[39m,
      [32m'25'[39m: [33m189[39m,
      [32m'26'[39m: [33m97[39m,
      [32m'27'[39m: [33m39[39m,
      [32m'28'[39m: [33m137[39m,
      [32m'29'[39m: [33m237[39m,
      [32m'30'[39m: [33m71[39m,
      [32m'31'[39m: [33m107[39m
    },
    productHeaderImageRejected: [33mfalse[39m,
    lastPlaybackProgress: [33m0[39m,
    isDynamicReplyButtonsMsg: [33mfalse[39m,
    isCarouselCard: [33mfalse[39m,
    parentMsgId: [1mnull[22m,
    callSilenceReason: [1mnull[22m,
    isVideoCall: [33mfalse[39m,
    callDuration: [1mnull[22m,
    callParticipants: [1mnull[22m,
    isMdHistoryMsg: [33mfalse[39m,
    stickerSentTs: [33m0[39m,
    isAvatar: [33mfalse[39m,
    lastUpdateFromServerTs: [33m0[39m,
    invokedBotWid: [1mnull[22m,
    bizBotType: [1mnull[22m,
    botResponseTargetId: [1mnull[22m,
    botPluginType: [1mnull[22m,
    botPluginReferenceIndex: [1mnull[22m,
    botPluginSearchProvider: [1mnull[22m,
    botPluginSearchUrl: [1mnull[22m,
    botPluginSearchQuery: [1mnull[22m,
    botPluginMaybeParent: [33mfalse[39m,
    botReelPluginThumbnailCdnUrl: [1mnull[22m,
    botMsgBodyType: [1mnull[22m,
    requiresDirectConnection: [1mnull[22m,
    bizContentPlaceholderType: [1mnull[22m,
    hostedBizEncStateMismatch: [33mfalse[39m,
    senderOrRecipientAccountTypeHosted: [33mfalse[39m,
    placeholderCreatedWhenAccountIsHosted: [33mfalse[39m,
    links: []
  },
  mediaKey: [90mundefined[39m,
  id: {
    fromMe: [33mfalse[39m,
    remote: [32m'573122146368@c.us'[39m,
    id: [32m'B5942583EA6EB676945E62352CCEB57F'[39m,
    _serialized: [32m'false_573122146368@c.us_B5942583EA6EB676945E62352CCEB57F'[39m
  },
  ack: [33m1[39m,
  hasMedia: [33mfalse[39m,
  body: [32m'1'[39m,
  type: [32m'chat'[39m,
  timestamp: [33m1743482340[39m,
  from: [32m'573122146368'[39m,
  to: [32m'573142905475@c.us'[39m,
  author: [90mundefined[39m,
  deviceType: [32m'android'[39m,
  isForwarded: [33mfalse[39m,
  forwardingScore: [33m0[39m,
  isStatus: [33mfalse[39m,
  isStarred: [33mfalse[39m,
  broadcast: [90mundefined[39m,
  fromMe: [33mfalse[39m,
  hasQuotedMsg: [33mfalse[39m,
  hasReaction: [33mfalse[39m,
  duration: [90mundefined[39m,
  location: [90mundefined[39m,
  vCards: [],
  inviteV4: [90mundefined[39m,
  mentionedIds: [],
  groupMentions: [],
  orderId: [90mundefined[39m,
  token: [90mundefined[39m,
  isGif: [33mfalse[39m,
  isEphemeral: [90mundefined[39m,
  links: []
}
[handleMsg]:  Message {
  _data: {
    id: {
      fromMe: [33mfalse[39m,
      remote: [32m'573122146368@c.us'[39m,
      id: [32m'3704D17A82EE37857C8D7FD4C32BB6AD'[39m,
      _serialized: [32m'false_573122146368@c.us_3704D17A82EE37857C8D7FD4C32BB6AD'[39m
    },
    viewed: [33mfalse[39m,
    body: [32m'Vgugih'[39m,
    type: [32m'chat'[39m,
    t: [33m1743482345[39m,
    notifyName: [32m'feliperenjifoz'[39m,
    from: [32m'573122146368@c.us'[39m,
    to: [32m'573142905475@c.us'[39m,
    ack: [33m1[39m,
    invis: [33mfalse[39m,
    isNewMsg: [33mtrue[39m,
    star: [33mfalse[39m,
    kicNotified: [33mfalse[39m,
    recvFresh: [33mtrue[39m,
    isFromTemplate: [33mfalse[39m,
    pollInvalidated: [33mfalse[39m,
    isSentCagPollCreation: [33mfalse[39m,
    latestEditMsgKey: [1mnull[22m,
    latestEditSenderTimestampMs: [1mnull[22m,
    mentionedJidList: [],
    groupMentions: [],
    isEventCanceled: [33mfalse[39m,
    eventInvalidated: [33mfalse[39m,
    isVcardOverMmsDocument: [33mfalse[39m,
    isForwarded: [33mfalse[39m,
    labels: [],
    hasReaction: [33mfalse[39m,
    viewMode: [32m'VISIBLE'[39m,
    messageSecret: {
      [32m'0'[39m: [33m172[39m,
      [32m'1'[39m: [33m242[39m,
      [32m'2'[39m: [33m182[39m,
      [32m'3'[39m: [33m201[39m,
      [32m'4'[39m: [33m131[39m,
      [32m'5'[39m: [33m245[39m,
      [32m'6'[39m: [33m198[39m,
      [32m'7'[39m: [33m141[39m,
      [32m'8'[39m: [33m242[39m,
      [32m'9'[39m: [33m175[39m,
      [32m'10'[39m: [33m143[39m,
      [32m'11'[39m: [33m217[39m,
      [32m'12'[39m: [33m254[39m,
      [32m'13'[39m: [33m115[39m,
      [32m'14'[39m: [33m177[39m,
      [32m'15'[39m: [33m122[39m,
      [32m'16'[39m: [33m60[39m,
      [32m'17'[39m: [33m171[39m,
      [32m'18'[39m: [33m159[39m,
      [32m'19'[39m: [33m72[39m,
      [32m'20'[39m: [33m112[39m,
      [32m'21'[39m: [33m150[39m,
      [32m'22'[39m: [33m44[39m,
      [32m'23'[39m: [33m234[39m,
      [32m'24'[39m: [33m143[39m,
      [32m'25'[39m: [33m28[39m,
      [32m'26'[39m: [33m178[39m,
      [32m'27'[39m: [33m205[39m,
      [32m'28'[39m: [33m52[39m,
      [32m'29'[39m: [33m169[39m,
      [32m'30'[39m: [33m77[39m,
      [32m'31'[39m: [33m31[39m
    },
    productHeaderImageRejected: [33mfalse[39m,
    lastPlaybackProgress: [33m0[39m,
    isDynamicReplyButtonsMsg: [33mfalse[39m,
    isCarouselCard: [33mfalse[39m,
    parentMsgId: [1mnull[22m,
    callSilenceReason: [1mnull[22m,
    isVideoCall: [33mfalse[39m,
    callDuration: [1mnull[22m,
    callParticipants: [1mnull[22m,
    isMdHistoryMsg: [33mfalse[39m,
    stickerSentTs: [33m0[39m,
    isAvatar: [33mfalse[39m,
    lastUpdateFromServerTs: [33m0[39m,
    invokedBotWid: [1mnull[22m,
    bizBotType: [1mnull[22m,
    botResponseTargetId: [1mnull[22m,
    botPluginType: [1mnull[22m,
    botPluginReferenceIndex: [1mnull[22m,
    botPluginSearchProvider: [1mnull[22m,
    botPluginSearchUrl: [1mnull[22m,
    botPluginSearchQuery: [1mnull[22m,
    botPluginMaybeParent: [33mfalse[39m,
    botReelPluginThumbnailCdnUrl: [1mnull[22m,
    botMsgBodyType: [1mnull[22m,
    requiresDirectConnection: [1mnull[22m,
    bizContentPlaceholderType: [1mnull[22m,
    hostedBizEncStateMismatch: [33mfalse[39m,
    senderOrRecipientAccountTypeHosted: [33mfalse[39m,
    placeholderCreatedWhenAccountIsHosted: [33mfalse[39m,
    links: []
  },
  mediaKey: [90mundefined[39m,
  id: {
    fromMe: [33mfalse[39m,
    remote: [32m'573122146368@c.us'[39m,
    id: [32m'3704D17A82EE37857C8D7FD4C32BB6AD'[39m,
    _serialized: [32m'false_573122146368@c.us_3704D17A82EE37857C8D7FD4C32BB6AD'[39m
  },
  ack: [33m1[39m,
  hasMedia: [33mfalse[39m,
  body: [32m'Vgugih'[39m,
  type: [32m'chat'[39m,
  timestamp: [33m1743482345[39m,
  from: [32m'573122146368'[39m,
  to: [32m'573142905475@c.us'[39m,
  author: [90mundefined[39m,
  deviceType: [32m'android'[39m,
  isForwarded: [33mfalse[39m,
  forwardingScore: [33m0[39m,
  isStatus: [33mfalse[39m,
  isStarred: [33mfalse[39m,
  broadcast: [90mundefined[39m,
  fromMe: [33mfalse[39m,
  hasQuotedMsg: [33mfalse[39m,
  hasReaction: [33mfalse[39m,
  duration: [90mundefined[39m,
  location: [90mundefined[39m,
  vCards: [],
  inviteV4: [90mundefined[39m,
  mentionedIds: [],
  groupMentions: [],
  orderId: [90mundefined[39m,
  token: [90mundefined[39m,
  isGif: [33mfalse[39m,
  isEphemeral: [90mundefined[39m,
  links: []
}
[QUEUE_SE_ENVIO]:  {
  ref: [32m'ans_0d087381-cc9f-46c3-9786-817f37cba443'[39m,
  keyword: [32m'key_341ba172-cd47-4dd6-a50e-23c84f2ca25d'[39m,
  answer: [32m'__call_action__'[39m,
  options: {
    media: [1mnull[22m,
    buttons: [],
    capture: [33mfalse[39m,
    child: [1mnull[22m,
    delay: [33m0[39m,
    idle: [1mnull[22m,
    ref: [1mnull[22m,
    nested: [],
    keyword: {},
    callback: [33mtrue[39m
  },
  refSerialize: [32m'93bcef2e4658ab034e6c9d4e4f607e55'[39m
}
[handleMsg]:  Message {
  _data: {
    id: {
      fromMe: [33mfalse[39m,
      remote: [32m'573203069637@c.us'[39m,
      id: [32m'4B69B9D7C6CC15A67126DD598346017D'[39m,
      _serialized: [32m'false_573203069637@c.us_4B69B9D7C6CC15A67126DD598346017D'[39m
    },
    viewed: [33mfalse[39m,
    body: [32m'Hola'[39m,
    type: [32m'chat'[39m,
    t: [33m1743482356[39m,
    notifyName: [32m'Дестролвр'[39m,
    from: [32m'573203069637@c.us'[39m,
    to: [32m'573142905475@c.us'[39m,
    ack: [33m1[39m,
    invis: [33mfalse[39m,
    isNewMsg: [33mtrue[39m,
    star: [33mfalse[39m,
    kicNotified: [33mfalse[39m,
    recvFresh: [33mtrue[39m,
    isFromTemplate: [33mfalse[39m,
    thumbnail: [32m''[39m,
    richPreviewType: [33m0[39m,
    pollInvalidated: [33mfalse[39m,
    isSentCagPollCreation: [33mfalse[39m,
    latestEditMsgKey: [1mnull[22m,
    latestEditSenderTimestampMs: [1mnull[22m,
    mentionedJidList: [],
    groupMentions: [],
    isEventCanceled: [33mfalse[39m,
    eventInvalidated: [33mfalse[39m,
    isVcardOverMmsDocument: [33mfalse[39m,
    labels: [],
    hasReaction: [33mfalse[39m,
    ephemeralDuration: [33m7776000[39m,
    ephemeralSettingTimestamp: [33m1735819063[39m,
    disappearingModeInitiator: [32m'other'[39m,
    disappearingModeTrigger: [32m'account_settings'[39m,
    disappearingModeInitiatedByMe: [33mfalse[39m,
    viewMode: [32m'VISIBLE'[39m,
    messageSecret: {
      [32m'0'[39m: [33m161[39m,
      [32m'1'[39m: [33m173[39m,
      [32m'2'[39m: [33m177[39m,
      [32m'3'[39m: [33m154[39m,
      [32m'4'[39m: [33m10[39m,
      [32m'5'[39m: [33m9[39m,
      [32m'6'[39m: [33m183[39m,
      [32m'7'[39m: [33m245[39m,
      [32m'8'[39m: [33m21[39m,
      [32m'9'[39m: [33m221[39m,
      [32m'10'[39m: [33m150[39m,
      [32m'11'[39m: [33m135[39m,
      [32m'12'[39m: [33m107[39m,
      [32m'13'[39m: [33m146[39m,
      [32m'14'[39m: [33m231[39m,
      [32m'15'[39m: [33m93[39m,
      [32m'16'[39m: [33m47[39m,
      [32m'17'[39m: [33m167[39m,
      [32m'18'[39m: [33m155[39m,
      [32m'19'[39m: [33m76[39m,
      [32m'20'[39m: [33m74[39m,
      [32m'21'[39m: [33m15[39m,
      [32m'22'[39m: [33m64[39m,
      [32m'23'[39m: [33m234[39m,
      [32m'24'[39m: [33m8[39m,
      [32m'25'[39m: [33m179[39m,
      [32m'26'[39m: [33m13[39m,
      [32m'27'[39m: [33m238[39m,
      [32m'28'[39m: [33m92[39m,
      [32m'29'[39m: [33m5[39m,
      [32m'30'[39m: [33m248[39m,
      [32m'31'[39m: [33m34[39m
    },
    inviteGrpType: [32m'DEFAULT'[39m,
    productHeaderImageRejected: [33mfalse[39m,
    lastPlaybackProgress: [33m0[39m,
    isDynamicReplyButtonsMsg: [33mfalse[39m,
    isCarouselCard: [33mfalse[39m,
    parentMsgId: [1mnull[22m,
    callSilenceReason: [1mnull[22m,
    isVideoCall: [33mfalse[39m,
    callDuration: [1mnull[22m,
    callParticipants: [1mnull[22m,
    isMdHistoryMsg: [33mfalse[39m,
    stickerSentTs: [33m0[39m,
    isAvatar: [33mfalse[39m,
    lastUpdateFromServerTs: [33m0[39m,
    invokedBotWid: [1mnull[22m,
    bizBotType: [1mnull[22m,
    botResponseTargetId: [1mnull[22m,
    botPluginType: [1mnull[22m,
    botPluginReferenceIndex: [1mnull[22m,
    botPluginSearchProvider: [1mnull[22m,
    botPluginSearchUrl: [1mnull[22m,
    botPluginSearchQuery: [1mnull[22m,
    botPluginMaybeParent: [33mfalse[39m,
    botReelPluginThumbnailCdnUrl: [1mnull[22m,
    botMsgBodyType: [1mnull[22m,
    requiresDirectConnection: [1mnull[22m,
    bizContentPlaceholderType: [1mnull[22m,
    hostedBizEncStateMismatch: [33mfalse[39m,
    senderOrRecipientAccountTypeHosted: [33mfalse[39m,
    placeholderCreatedWhenAccountIsHosted: [33mfalse[39m,
    links: []
  },
  mediaKey: [90mundefined[39m,
  id: {
    fromMe: [33mfalse[39m,
    remote: [32m'573203069637@c.us'[39m,
    id: [32m'4B69B9D7C6CC15A67126DD598346017D'[39m,
    _serialized: [32m'false_573203069637@c.us_4B69B9D7C6CC15A67126DD598346017D'[39m
  },
  ack: [33m1[39m,
  hasMedia: [33mfalse[39m,
  body: [32m'Hola'[39m,
  type: [32m'chat'[39m,
  timestamp: [33m1743482356[39m,
  from: [32m'573203069637'[39m,
  to: [32m'573142905475@c.us'[39m,
  author: [90mundefined[39m,
  deviceType: [32m'android'[39m,
  isForwarded: [90mundefined[39m,
  forwardingScore: [33m0[39m,
  isStatus: [33mfalse[39m,
  isStarred: [33mfalse[39m,
  broadcast: [90mundefined[39m,
  fromMe: [33mfalse[39m,
  hasQuotedMsg: [33mfalse[39m,
  hasReaction: [33mfalse[39m,
  duration: [90mundefined[39m,
  location: [90mundefined[39m,
  vCards: [],
  inviteV4: [90mundefined[39m,
  mentionedIds: [],
  groupMentions: [],
  orderId: [90mundefined[39m,
  token: [90mundefined[39m,
  isGif: [33mfalse[39m,
  isEphemeral: [90mundefined[39m,
  links: []
}
[QUEUE_SE_ENVIO]:  {
  ref: [32m'ans_0d087381-cc9f-46c3-9786-817f37cba443'[39m,
  keyword: [32m'key_341ba172-cd47-4dd6-a50e-23c84f2ca25d'[39m,
  answer: [32m'__call_action__'[39m,
  options: {
    media: [1mnull[22m,
    buttons: [],
    capture: [33mfalse[39m,
    child: [1mnull[22m,
    delay: [33m0[39m,
    idle: [1mnull[22m,
    ref: [1mnull[22m,
    nested: [],
    keyword: {},
    callback: [33mtrue[39m
  },
  refSerialize: [32m'93bcef2e4658ab034e6c9d4e4f607e55'[39m
}
[handleMsg]:  Message {
  _data: {
    id: {
      fromMe: [33mfalse[39m,
      remote: [32m'573122146368@c.us'[39m,
      id: [32m'B410EC7009E5D8313113E5CA43960177'[39m,
      _serialized: [32m'false_573122146368@c.us_B410EC7009E5D8313113E5CA43960177'[39m
    },
    viewed: [33mfalse[39m,
    body: [32m'Vggggg'[39m,
    type: [32m'chat'[39m,
    t: [33m1743482403[39m,
    notifyName: [32m'feliperenjifoz'[39m,
    from: [32m'573122146368@c.us'[39m,
    to: [32m'573142905475@c.us'[39m,
    ack: [33m1[39m,
    invis: [33mfalse[39m,
    isNewMsg: [33mtrue[39m,
    star: [33mfalse[39m,
    kicNotified: [33mfalse[39m,
    recvFresh: [33mtrue[39m,
    isFromTemplate: [33mfalse[39m,
    pollInvalidated: [33mfalse[39m,
    isSentCagPollCreation: [33mfalse[39m,
    latestEditMsgKey: [1mnull[22m,
    latestEditSenderTimestampMs: [1mnull[22m,
    mentionedJidList: [],
    groupMentions: [],
    isEventCanceled: [33mfalse[39m,
    eventInvalidated: [33mfalse[39m,
    isVcardOverMmsDocument: [33mfalse[39m,
    isForwarded: [33mfalse[39m,
    labels: [],
    hasReaction: [33mfalse[39m,
    viewMode: [32m'VISIBLE'[39m,
    messageSecret: {
      [32m'0'[39m: [33m179[39m,
      [32m'1'[39m: [33m180[39m,
      [32m'2'[39m: [33m64[39m,
      [32m'3'[39m: [33m249[39m,
      [32m'4'[39m: [33m238[39m,
      [32m'5'[39m: [33m242[39m,
      [32m'6'[39m: [33m77[39m,
      [32m'7'[39m: [33m93[39m,
      [32m'8'[39m: [33m143[39m,
      [32m'9'[39m: [33m188[39m,
      [32m'10'[39m: [33m2[39m,
      [32m'11'[39m: [33m155[39m,
      [32m'12'[39m: [33m76[39m,
      [32m'13'[39m: [33m71[39m,
      [32m'14'[39m: [33m118[39m,
      [32m'15'[39m: [33m160[39m,
      [32m'16'[39m: [33m191[39m,
      [32m'17'[39m: [33m20[39m,
      [32m'18'[39m: [33m40[39m,
      [32m'19'[39m: [33m190[39m,
      [32m'20'[39m: [33m221[39m,
      [32m'21'[39m: [33m78[39m,
      [32m'22'[39m: [33m203[39m,
      [32m'23'[39m: [33m162[39m,
      [32m'24'[39m: [33m236[39m,
      [32m'25'[39m: [33m119[39m,
      [32m'26'[39m: [33m30[39m,
      [32m'27'[39m: [33m106[39m,
      [32m'28'[39m: [33m49[39m,
      [32m'29'[39m: [33m80[39m,
      [32m'30'[39m: [33m203[39m,
      [32m'31'[39m: [33m228[39m
    },
    productHeaderImageRejected: [33mfalse[39m,
    lastPlaybackProgress: [33m0[39m,
    isDynamicReplyButtonsMsg: [33mfalse[39m,
    isCarouselCard: [33mfalse[39m,
    parentMsgId: [1mnull[22m,
    callSilenceReason: [1mnull[22m,
    isVideoCall: [33mfalse[39m,
    callDuration: [1mnull[22m,
    callParticipants: [1mnull[22m,
    isMdHistoryMsg: [33mfalse[39m,
    stickerSentTs: [33m0[39m,
    isAvatar: [33mfalse[39m,
    lastUpdateFromServerTs: [33m0[39m,
    invokedBotWid: [1mnull[22m,
    bizBotType: [1mnull[22m,
    botResponseTargetId: [1mnull[22m,
    botPluginType: [1mnull[22m,
    botPluginReferenceIndex: [1mnull[22m,
    botPluginSearchProvider: [1mnull[22m,
    botPluginSearchUrl: [1mnull[22m,
    botPluginSearchQuery: [1mnull[22m,
    botPluginMaybeParent: [33mfalse[39m,
    botReelPluginThumbnailCdnUrl: [1mnull[22m,
    botMsgBodyType: [1mnull[22m,
    requiresDirectConnection: [1mnull[22m,
    bizContentPlaceholderType: [1mnull[22m,
    hostedBizEncStateMismatch: [33mfalse[39m,
    senderOrRecipientAccountTypeHosted: [33mfalse[39m,
    placeholderCreatedWhenAccountIsHosted: [33mfalse[39m,
    links: []
  },
  mediaKey: [90mundefined[39m,
  id: {
    fromMe: [33mfalse[39m,
    remote: [32m'573122146368@c.us'[39m,
    id: [32m'B410EC7009E5D8313113E5CA43960177'[39m,
    _serialized: [32m'false_573122146368@c.us_B410EC7009E5D8313113E5CA43960177'[39m
  },
  ack: [33m1[39m,
  hasMedia: [33mfalse[39m,
  body: [32m'Vggggg'[39m,
  type: [32m'chat'[39m,
  timestamp: [33m1743482403[39m,
  from: [32m'573122146368'[39m,
  to: [32m'573142905475@c.us'[39m,
  author: [90mundefined[39m,
  deviceType: [32m'android'[39m,
  isForwarded: [33mfalse[39m,
  forwardingScore: [33m0[39m,
  isStatus: [33mfalse[39m,
  isStarred: [33mfalse[39m,
  broadcast: [90mundefined[39m,
  fromMe: [33mfalse[39m,
  hasQuotedMsg: [33mfalse[39m,
  hasReaction: [33mfalse[39m,
  duration: [90mundefined[39m,
  location: [90mundefined[39m,
  vCards: [],
  inviteV4: [90mundefined[39m,
  mentionedIds: [],
  groupMentions: [],
  orderId: [90mundefined[39m,
  token: [90mundefined[39m,
  isGif: [33mfalse[39m,
  isEphemeral: [90mundefined[39m,
  links: []
}
[QUEUE_SE_ENVIO]:  {
  ref: [32m'ans_0d087381-cc9f-46c3-9786-817f37cba443'[39m,
  keyword: [32m'key_341ba172-cd47-4dd6-a50e-23c84f2ca25d'[39m,
  answer: [32m'__call_action__'[39m,
  options: {
    media: [1mnull[22m,
    buttons: [],
    capture: [33mfalse[39m,
    child: [1mnull[22m,
    delay: [33m0[39m,
    idle: [1mnull[22m,
    ref: [1mnull[22m,
    nested: [],
    keyword: {},
    callback: [33mtrue[39m
  },
  refSerialize: [32m'93bcef2e4658ab034e6c9d4e4f607e55'[39m
}
[handleMsg]:  Message {
  _data: {
    id: {
      fromMe: [33mfalse[39m,
      remote: [32m'573122146368@c.us'[39m,
      id: [32m'E44E9330938599B29EC24FA2E537C03A'[39m,
      _serialized: [32m'false_573122146368@c.us_E44E9330938599B29EC24FA2E537C03A'[39m
    },
    viewed: [33mfalse[39m,
    body: [32m'H'[39m,
    type: [32m'chat'[39m,
    t: [33m1743482655[39m,
    notifyName: [32m'feliperenjifoz'[39m,
    from: [32m'573122146368@c.us'[39m,
    to: [32m'573142905475@c.us'[39m,
    ack: [33m1[39m,
    invis: [33mfalse[39m,
    isNewMsg: [33mtrue[39m,
    star: [33mfalse[39m,
    kicNotified: [33mfalse[39m,
    recvFresh: [33mtrue[39m,
    isFromTemplate: [33mfalse[39m,
    pollInvalidated: [33mfalse[39m,
    isSentCagPollCreation: [33mfalse[39m,
    latestEditMsgKey: [1mnull[22m,
    latestEditSenderTimestampMs: [1mnull[22m,
    mentionedJidList: [],
    groupMentions: [],
    isEventCanceled: [33mfalse[39m,
    eventInvalidated: [33mfalse[39m,
    isVcardOverMmsDocument: [33mfalse[39m,
    isForwarded: [33mfalse[39m,
    labels: [],
    hasReaction: [33mfalse[39m,
    viewMode: [32m'VISIBLE'[39m,
    messageSecret: {
      [32m'0'[39m: [33m244[39m,
      [32m'1'[39m: [33m204[39m,
      [32m'2'[39m: [33m156[39m,
      [32m'3'[39m: [33m136[39m,
      [32m'4'[39m: [33m174[39m,
      [32m'5'[39m: [33m96[39m,
      [32m'6'[39m: [33m168[39m,
      [32m'7'[39m: [33m20[39m,
      [32m'8'[39m: [33m94[39m,
      [32m'9'[39m: [33m94[39m,
      [32m'10'[39m: [33m118[39m,
      [32m'11'[39m: [33m186[39m,
      [32m'12'[39m: [33m115[39m,
      [32m'13'[39m: [33m46[39m,
      [32m'14'[39m: [33m193[39m,
      [32m'15'[39m: [33m104[39m,
      [32m'16'[39m: [33m144[39m,
      [32m'17'[39m: [33m148[39m,
      [32m'18'[39m: [33m23[39m,
      [32m'19'[39m: [33m67[39m,
      [32m'20'[39m: [33m67[39m,
      [32m'21'[39m: [33m142[39m,
      [32m'22'[39m: [33m216[39m,
      [32m'23'[39m: [33m84[39m,
      [32m'24'[39m: [33m224[39m,
      [32m'25'[39m: [33m132[39m,
      [32m'26'[39m: [33m25[39m,
      [32m'27'[39m: [33m169[39m,
      [32m'28'[39m: [33m221[39m,
      [32m'29'[39m: [33m198[39m,
      [32m'30'[39m: [33m155[39m,
      [32m'31'[39m: [33m167[39m
    },
    productHeaderImageRejected: [33mfalse[39m,
    lastPlaybackProgress: [33m0[39m,
    isDynamicReplyButtonsMsg: [33mfalse[39m,
    isCarouselCard: [33mfalse[39m,
    parentMsgId: [1mnull[22m,
    callSilenceReason: [1mnull[22m,
    isVideoCall: [33mfalse[39m,
    callDuration: [1mnull[22m,
    callParticipants: [1mnull[22m,
    isMdHistoryMsg: [33mfalse[39m,
    stickerSentTs: [33m0[39m,
    isAvatar: [33mfalse[39m,
    lastUpdateFromServerTs: [33m0[39m,
    invokedBotWid: [1mnull[22m,
    bizBotType: [1mnull[22m,
    botResponseTargetId: [1mnull[22m,
    botPluginType: [1mnull[22m,
    botPluginReferenceIndex: [1mnull[22m,
    botPluginSearchProvider: [1mnull[22m,
    botPluginSearchUrl: [1mnull[22m,
    botPluginSearchQuery: [1mnull[22m,
    botPluginMaybeParent: [33mfalse[39m,
    botReelPluginThumbnailCdnUrl: [1mnull[22m,
    botMsgBodyType: [1mnull[22m,
    requiresDirectConnection: [1mnull[22m,
    bizContentPlaceholderType: [1mnull[22m,
    hostedBizEncStateMismatch: [33mfalse[39m,
    senderOrRecipientAccountTypeHosted: [33mfalse[39m,
    placeholderCreatedWhenAccountIsHosted: [33mfalse[39m,
    links: []
  },
  mediaKey: [90mundefined[39m,
  id: {
    fromMe: [33mfalse[39m,
    remote: [32m'573122146368@c.us'[39m,
    id: [32m'E44E9330938599B29EC24FA2E537C03A'[39m,
    _serialized: [32m'false_573122146368@c.us_E44E9330938599B29EC24FA2E537C03A'[39m
  },
  ack: [33m1[39m,
  hasMedia: [33mfalse[39m,
  body: [32m'H'[39m,
  type: [32m'chat'[39m,
  timestamp: [33m1743482655[39m,
  from: [32m'573122146368'[39m,
  to: [32m'573142905475@c.us'[39m,
  author: [90mundefined[39m,
  deviceType: [32m'android'[39m,
  isForwarded: [33mfalse[39m,
  forwardingScore: [33m0[39m,
  isStatus: [33mfalse[39m,
  isStarred: [33mfalse[39m,
  broadcast: [90mundefined[39m,
  fromMe: [33mfalse[39m,
  hasQuotedMsg: [33mfalse[39m,
  hasReaction: [33mfalse[39m,
  duration: [90mundefined[39m,
  location: [90mundefined[39m,
  vCards: [],
  inviteV4: [90mundefined[39m,
  mentionedIds: [],
  groupMentions: [],
  orderId: [90mundefined[39m,
  token: [90mundefined[39m,
  isGif: [33mfalse[39m,
  isEphemeral: [90mundefined[39m,
  links: []
}
[QUEUE_SE_ENVIO]:  {
  ref: [32m'ans_0d087381-cc9f-46c3-9786-817f37cba443'[39m,
  keyword: [32m'key_341ba172-cd47-4dd6-a50e-23c84f2ca25d'[39m,
  answer: [32m'__call_action__'[39m,
  options: {
    media: [1mnull[22m,
    buttons: [],
    capture: [33mfalse[39m,
    child: [1mnull[22m,
    delay: [33m0[39m,
    idle: [1mnull[22m,
    ref: [1mnull[22m,
    nested: [],
    keyword: {},
    callback: [33mtrue[39m
  },
  refSerialize: [32m'93bcef2e4658ab034e6c9d4e4f607e55'[39m
}
[handleMsg]:  Message {
  _data: {
    id: {
      fromMe: [33mfalse[39m,
      remote: [32m'573122146368@c.us'[39m,
      id: [32m'0F88FAA22DB612A0D268B95E6D324111'[39m,
      _serialized: [32m'false_573122146368@c.us_0F88FAA22DB612A0D268B95E6D324111'[39m
    },
    viewed: [33mfalse[39m,
    body: [32m'Wd'[39m,
    type: [32m'chat'[39m,
    t: [33m1743482665[39m,
    notifyName: [32m'feliperenjifoz'[39m,
    from: [32m'573122146368@c.us'[39m,
    to: [32m'573142905475@c.us'[39m,
    ack: [33m1[39m,
    invis: [33mfalse[39m,
    isNewMsg: [33mtrue[39m,
    star: [33mfalse[39m,
    kicNotified: [33mfalse[39m,
    recvFresh: [33mtrue[39m,
    isFromTemplate: [33mfalse[39m,
    pollInvalidated: [33mfalse[39m,
    isSentCagPollCreation: [33mfalse[39m,
    latestEditMsgKey: [1mnull[22m,
    latestEditSenderTimestampMs: [1mnull[22m,
    mentionedJidList: [],
    groupMentions: [],
    isEventCanceled: [33mfalse[39m,
    eventInvalidated: [33mfalse[39m,
    isVcardOverMmsDocument: [33mfalse[39m,
    isForwarded: [33mfalse[39m,
    labels: [],
    hasReaction: [33mfalse[39m,
    viewMode: [32m'VISIBLE'[39m,
    messageSecret: {
      [32m'0'[39m: [33m213[39m,
      [32m'1'[39m: [33m207[39m,
      [32m'2'[39m: [33m104[39m,
      [32m'3'[39m: [33m147[39m,
      [32m'4'[39m: [33m180[39m,
      [32m'5'[39m: [33m89[39m,
      [32m'6'[39m: [33m92[39m,
      [32m'7'[39m: [33m213[39m,
      [32m'8'[39m: [33m191[39m,
      [32m'9'[39m: [33m158[39m,
      [32m'10'[39m: [33m194[39m,
      [32m'11'[39m: [33m74[39m,
      [32m'12'[39m: [33m27[39m,
      [32m'13'[39m: [33m49[39m,
      [32m'14'[39m: [33m82[39m,
      [32m'15'[39m: [33m185[39m,
      [32m'16'[39m: [33m125[39m,
      [32m'17'[39m: [33m103[39m,
      [32m'18'[39m: [33m230[39m,
      [32m'19'[39m: [33m35[39m,
      [32m'20'[39m: [33m7[39m,
      [32m'21'[39m: [33m94[39m,
      [32m'22'[39m: [33m239[39m,
      [32m'23'[39m: [33m214[39m,
      [32m'24'[39m: [33m213[39m,
      [32m'25'[39m: [33m17[39m,
      [32m'26'[39m: [33m157[39m,
      [32m'27'[39m: [33m52[39m,
      [32m'28'[39m: [33m140[39m,
      [32m'29'[39m: [33m143[39m,
      [32m'30'[39m: [33m172[39m,
      [32m'31'[39m: [33m250[39m
    },
    productHeaderImageRejected: [33mfalse[39m,
    lastPlaybackProgress: [33m0[39m,
    isDynamicReplyButtonsMsg: [33mfalse[39m,
    isCarouselCard: [33mfalse[39m,
    parentMsgId: [1mnull[22m,
    callSilenceReason: [1mnull[22m,
    isVideoCall: [33mfalse[39m,
    callDuration: [1mnull[22m,
    callParticipants: [1mnull[22m,
    isMdHistoryMsg: [33mfalse[39m,
    stickerSentTs: [33m0[39m,
    isAvatar: [33mfalse[39m,
    lastUpdateFromServerTs: [33m0[39m,
    invokedBotWid: [1mnull[22m,
    bizBotType: [1mnull[22m,
    botResponseTargetId: [1mnull[22m,
    botPluginType: [1mnull[22m,
    botPluginReferenceIndex: [1mnull[22m,
    botPluginSearchProvider: [1mnull[22m,
    botPluginSearchUrl: [1mnull[22m,
    botPluginSearchQuery: [1mnull[22m,
    botPluginMaybeParent: [33mfalse[39m,
    botReelPluginThumbnailCdnUrl: [1mnull[22m,
    botMsgBodyType: [1mnull[22m,
    requiresDirectConnection: [1mnull[22m,
    bizContentPlaceholderType: [1mnull[22m,
    hostedBizEncStateMismatch: [33mfalse[39m,
    senderOrRecipientAccountTypeHosted: [33mfalse[39m,
    placeholderCreatedWhenAccountIsHosted: [33mfalse[39m,
    links: []
  },
  mediaKey: [90mundefined[39m,
  id: {
    fromMe: [33mfalse[39m,
    remote: [32m'573122146368@c.us'[39m,
    id: [32m'0F88FAA22DB612A0D268B95E6D324111'[39m,
    _serialized: [32m'false_573122146368@c.us_0F88FAA22DB612A0D268B95E6D324111'[39m
  },
  ack: [33m1[39m,
  hasMedia: [33mfalse[39m,
  body: [32m'Wd'[39m,
  type: [32m'chat'[39m,
  timestamp: [33m1743482665[39m,
  from: [32m'573122146368'[39m,
  to: [32m'573142905475@c.us'[39m,
  author: [90mundefined[39m,
  deviceType: [32m'android'[39m,
  isForwarded: [33mfalse[39m,
  forwardingScore: [33m0[39m,
  isStatus: [33mfalse[39m,
  isStarred: [33mfalse[39m,
  broadcast: [90mundefined[39m,
  fromMe: [33mfalse[39m,
  hasQuotedMsg: [33mfalse[39m,
  hasReaction: [33mfalse[39m,
  duration: [90mundefined[39m,
  location: [90mundefined[39m,
  vCards: [],
  inviteV4: [90mundefined[39m,
  mentionedIds: [],
  groupMentions: [],
  orderId: [90mundefined[39m,
  token: [90mundefined[39m,
  isGif: [33mfalse[39m,
  isEphemeral: [90mundefined[39m,
  links: []
}
[QUEUE_SE_ENVIO]:  {
  ref: [32m'ans_0d087381-cc9f-46c3-9786-817f37cba443'[39m,
  keyword: [32m'key_341ba172-cd47-4dd6-a50e-23c84f2ca25d'[39m,
  answer: [32m'__call_action__'[39m,
  options: {
    media: [1mnull[22m,
    buttons: [],
    capture: [33mfalse[39m,
    child: [1mnull[22m,
    delay: [33m0[39m,
    idle: [1mnull[22m,
    ref: [1mnull[22m,
    nested: [],
    keyword: {},
    callback: [33mtrue[39m
  },
  refSerialize: [32m'93bcef2e4658ab034e6c9d4e4f607e55'[39m
}
[handleMsg]:  Message {
  _data: {
    id: {
      fromMe: [33mfalse[39m,
      remote: [32m'573122146368@c.us'[39m,
      id: [32m'925BF441B9D855726BDF8CAB74757D23'[39m,
      _serialized: [32m'false_573122146368@c.us_925BF441B9D855726BDF8CAB74757D23'[39m
    },
    viewed: [33mfalse[39m,
    body: [32m'0'[39m,
    type: [32m'chat'[39m,
    t: [33m1743482668[39m,
    notifyName: [32m'feliperenjifoz'[39m,
    from: [32m'573122146368@c.us'[39m,
    to: [32m'573142905475@c.us'[39m,
    ack: [33m1[39m,
    invis: [33mfalse[39m,
    isNewMsg: [33mtrue[39m,
    star: [33mfalse[39m,
    kicNotified: [33mfalse[39m,
    recvFresh: [33mtrue[39m,
    isFromTemplate: [33mfalse[39m,
    pollInvalidated: [33mfalse[39m,
    isSentCagPollCreation: [33mfalse[39m,
    latestEditMsgKey: [1mnull[22m,
    latestEditSenderTimestampMs: [1mnull[22m,
    mentionedJidList: [],
    groupMentions: [],
    isEventCanceled: [33mfalse[39m,
    eventInvalidated: [33mfalse[39m,
    isVcardOverMmsDocument: [33mfalse[39m,
    isForwarded: [33mfalse[39m,
    labels: [],
    hasReaction: [33mfalse[39m,
    viewMode: [32m'VISIBLE'[39m,
    messageSecret: {
      [32m'0'[39m: [33m1[39m,
      [32m'1'[39m: [33m67[39m,
      [32m'2'[39m: [33m172[39m,
      [32m'3'[39m: [33m151[39m,
      [32m'4'[39m: [33m49[39m,
      [32m'5'[39m: [33m3[39m,
      [32m'6'[39m: [33m40[39m,
      [32m'7'[39m: [33m46[39m,
      [32m'8'[39m: [33m211[39m,
      [32m'9'[39m: [33m37[39m,
      [32m'10'[39m: [33m22[39m,
      [32m'11'[39m: [33m177[39m,
      [32m'12'[39m: [33m138[39m,
      [32m'13'[39m: [33m113[39m,
      [32m'14'[39m: [33m37[39m,
      [32m'15'[39m: [33m237[39m,
      [32m'16'[39m: [33m243[39m,
      [32m'17'[39m: [33m41[39m,
      [32m'18'[39m: [33m78[39m,
      [32m'19'[39m: [33m74[39m,
      [32m'20'[39m: [33m240[39m,
      [32m'21'[39m: [33m36[39m,
      [32m'22'[39m: [33m3[39m,
      [32m'23'[39m: [33m36[39m,
      [32m'24'[39m: [33m7[39m,
      [32m'25'[39m: [33m2[39m,
      [32m'26'[39m: [33m135[39m,
      [32m'27'[39m: [33m74[39m,
      [32m'28'[39m: [33m145[39m,
      [32m'29'[39m: [33m169[39m,
      [32m'30'[39m: [33m114[39m,
      [32m'31'[39m: [33m59[39m
    },
    productHeaderImageRejected: [33mfalse[39m,
    lastPlaybackProgress: [33m0[39m,
    isDynamicReplyButtonsMsg: [33mfalse[39m,
    isCarouselCard: [33mfalse[39m,
    parentMsgId: [1mnull[22m,
    callSilenceReason: [1mnull[22m,
    isVideoCall: [33mfalse[39m,
    callDuration: [1mnull[22m,
    callParticipants: [1mnull[22m,
    isMdHistoryMsg: [33mfalse[39m,
    stickerSentTs: [33m0[39m,
    isAvatar: [33mfalse[39m,
    lastUpdateFromServerTs: [33m0[39m,
    invokedBotWid: [1mnull[22m,
    bizBotType: [1mnull[22m,
    botResponseTargetId: [1mnull[22m,
    botPluginType: [1mnull[22m,
    botPluginReferenceIndex: [1mnull[22m,
    botPluginSearchProvider: [1mnull[22m,
    botPluginSearchUrl: [1mnull[22m,
    botPluginSearchQuery: [1mnull[22m,
    botPluginMaybeParent: [33mfalse[39m,
    botReelPluginThumbnailCdnUrl: [1mnull[22m,
    botMsgBodyType: [1mnull[22m,
    requiresDirectConnection: [1mnull[22m,
    bizContentPlaceholderType: [1mnull[22m,
    hostedBizEncStateMismatch: [33mfalse[39m,
    senderOrRecipientAccountTypeHosted: [33mfalse[39m,
    placeholderCreatedWhenAccountIsHosted: [33mfalse[39m,
    links: []
  },
  mediaKey: [90mundefined[39m,
  id: {
    fromMe: [33mfalse[39m,
    remote: [32m'573122146368@c.us'[39m,
    id: [32m'925BF441B9D855726BDF8CAB74757D23'[39m,
    _serialized: [32m'false_573122146368@c.us_925BF441B9D855726BDF8CAB74757D23'[39m
  },
  ack: [33m1[39m,
  hasMedia: [33mfalse[39m,
  body: [32m'0'[39m,
  type: [32m'chat'[39m,
  timestamp: [33m1743482668[39m,
  from: [32m'573122146368'[39m,
  to: [32m'573142905475@c.us'[39m,
  author: [90mundefined[39m,
  deviceType: [32m'android'[39m,
  isForwarded: [33mfalse[39m,
  forwardingScore: [33m0[39m,
  isStatus: [33mfalse[39m,
  isStarred: [33mfalse[39m,
  broadcast: [90mundefined[39m,
  fromMe: [33mfalse[39m,
  hasQuotedMsg: [33mfalse[39m,
  hasReaction: [33mfalse[39m,
  duration: [90mundefined[39m,
  location: [90mundefined[39m,
  vCards: [],
  inviteV4: [90mundefined[39m,
  mentionedIds: [],
  groupMentions: [],
  orderId: [90mundefined[39m,
  token: [90mundefined[39m,
  isGif: [33mfalse[39m,
  isEphemeral: [90mundefined[39m,
  links: []
}
[QUEUE_SE_ENVIO]:  {
  ref: [32m'ans_749950ad-0a3d-46c3-97e3-85848c1648c3'[39m,
  keyword: [32m'key_936a51cd-6392-4cd1-8382-a84cd2166475'[39m,
  answer: [32m'✅ *Conversación cerrada.*'[39m,
  options: {
    media: [1mnull[22m,
    buttons: [],
    capture: [33mfalse[39m,
    child: [1mnull[22m,
    delay: [33m0[39m,
    idle: [1mnull[22m,
    ref: [1mnull[22m,
    nested: [],
    keyword: {},
    callback: [33mtrue[39m
  },
  refSerialize: [32m'5e6cd5275ed8d5dd2c8d9ce3bdf2bece'[39m
}
